Build started 9/26/2017 10:17:09 PM.
     1>Project "C:\Users\Brett\OneDrive\Documents\Classes\Sophomore\CPSC 122-02\assignment 3\a3_p3\a3_p3.vcxproj" on node 4 (Build target(s)).
     1>ClCompile:
         C:\Program Files (x86)\Microsoft Visual Studio 12.0\VC\bin\CL.exe /c /ZI /nologo /W3 /WX- /sdl /Od /Oy- /D _MBCS /Gm /EHsc /RTC1 /MDd /GS /fp:precise /Zc:wchar_t /Zc:forScope /Fo"Debug\\" /Fd"Debug\vc120.pdb" /Gd /TP /analyze- /errorReport:prompt a3_p1.3.cpp
         a3_p1.3.cpp
     1>c:\users\brett\onedrive\documents\classes\sophomore\cpsc 122-02\assignment 3\a3_p3\a3_p1.3.cpp(2): error C2059: syntax error : 'for'
     1>c:\users\brett\onedrive\documents\classes\sophomore\cpsc 122-02\assignment 3\a3_p3\a3_p1.3.cpp(2): error C2143: syntax error : missing ')' before ';'
     1>c:\users\brett\onedrive\documents\classes\sophomore\cpsc 122-02\assignment 3\a3_p3\a3_p1.3.cpp(2): error C2143: syntax error : missing ';' before '<='
     1>c:\users\brett\onedrive\documents\classes\sophomore\cpsc 122-02\assignment 3\a3_p3\a3_p1.3.cpp(2): error C4430: missing type specifier - int assumed. Note: C++ does not support default-int
     1>c:\users\brett\onedrive\documents\classes\sophomore\cpsc 122-02\assignment 3\a3_p3\a3_p1.3.cpp(2): error C2143: syntax error : missing ';' before '++'
     1>c:\users\brett\onedrive\documents\classes\sophomore\cpsc 122-02\assignment 3\a3_p3\a3_p1.3.cpp(2): error C2086: 'int i' : redefinition
                 c:\users\brett\onedrive\documents\classes\sophomore\cpsc 122-02\assignment 3\a3_p3\a3_p1.3.cpp(2) : see declaration of 'i'
     1>c:\users\brett\onedrive\documents\classes\sophomore\cpsc 122-02\assignment 3\a3_p3\a3_p1.3.cpp(2): error C2059: syntax error : ')'
     1>c:\users\brett\onedrive\documents\classes\sophomore\cpsc 122-02\assignment 3\a3_p3\a3_p1.3.cpp(3): error C2143: syntax error : missing ';' before '{'
     1>c:\users\brett\onedrive\documents\classes\sophomore\cpsc 122-02\assignment 3\a3_p3\a3_p1.3.cpp(3): error C2447: '{' : missing function header (old-style formal list?)
     1>Done Building Project "C:\Users\Brett\OneDrive\Documents\Classes\Sophomore\CPSC 122-02\assignment 3\a3_p3\a3_p3.vcxproj" (Build target(s)) -- FAILED.

Build FAILED.

Time Elapsed 00:00:00.18
