Build started 9/26/2017 10:17:09 PM.
     1>Project "C:\Users\Brett\OneDrive\Documents\Classes\Sophomore\CPSC 122-02\assignment 3\a3_p2\a3_p2.vcxproj" on node 2 (Build target(s)).
     1>Link:
         C:\Program Files (x86)\Microsoft Visual Studio 12.0\VC\bin\link.exe /ERRORREPORT:PROMPT /OUT:"C:\Users\Brett\OneDrive\Documents\Classes\Sophomore\CPSC 122-02\assignment 3\Debug\a3_p1.2.exe" /INCREMENTAL /NOLOGO kernel32.lib user32.lib gdi32.lib winspool.lib comdlg32.lib advapi32.lib shell32.lib ole32.lib oleaut32.lib uuid.lib odbc32.lib odbccp32.lib /MANIFEST /MANIFESTUAC:"level='asInvoker' uiAccess='false'" /manifest:embed /DEBUG /PDB:"C:\Users\Brett\OneDrive\Documents\Classes\Sophomore\CPSC 122-02\assignment 3\Debug\a3_p1.2.pdb" /TLBID:1 /DYNAMICBASE /NXCOMPAT /IMPLIB:"C:\Users\Brett\OneDrive\Documents\Classes\Sophomore\CPSC 122-02\assignment 3\Debug\a3_p1.2.lib" /MACHINE:X86 Debug\a3_p1.2.obj
     1>LINK : fatal error LNK1561: entry point must be defined
     1>Done Building Project "C:\Users\Brett\OneDrive\Documents\Classes\Sophomore\CPSC 122-02\assignment 3\a3_p2\a3_p2.vcxproj" (Build target(s)) -- FAILED.

Build FAILED.

Time Elapsed 00:00:00.12
