Build started 10/13/2017 11:59:26 AM.
     1>Project "C:\Users\Brett\OneDrive\Documents\Classes\Sophomore\CPSC 122-02\RyanPointers\RyanPointers\RyanPointers.vcxproj" on node 2 (Build target(s)).
     1>ClCompile:
         C:\Program Files (x86)\Microsoft Visual Studio 12.0\VC\bin\CL.exe /c /ZI /nologo /W3 /WX- /sdl /Od /Oy- /D _MBCS /Gm /EHsc /RTC1 /MDd /GS /fp:precise /Zc:wchar_t /Zc:forScope /Fo"Debug\\" /Fd"Debug\vc120.pdb" /Gd /TP /analyze- /errorReport:prompt Pointers.cpp
         Pointers.cpp
     1>c:\users\brett\onedrive\documents\classes\sophomore\cpsc 122-02\ryanpointers\ryanpointers\pointers.cpp(14): error C2664: 'int sum(int,int)' : cannot convert argument 1 from 'int *' to 'int'
                 There is no context in which this conversion is possible
     1>Done Building Project "C:\Users\Brett\OneDrive\Documents\Classes\Sophomore\CPSC 122-02\RyanPointers\RyanPointers\RyanPointers.vcxproj" (Build target(s)) -- FAILED.

Build FAILED.

Time Elapsed 00:00:00.22
