Build started 9/26/2017 10:17:09 PM.
     1>Project "C:\Users\Brett\OneDrive\Documents\Classes\Sophomore\CPSC 122-02\assignment 3\a3_p4\a3_p4.vcxproj" on node 3 (Build target(s)).
     1>ClCompile:
         C:\Program Files (x86)\Microsoft Visual Studio 12.0\VC\bin\CL.exe /c /ZI /nologo /W3 /WX- /sdl /Od /Oy- /D _MBCS /Gm /EHsc /RTC1 /MDd /GS /fp:precise /Zc:wchar_t /Zc:forScope /Fo"Debug\\" /Fd"Debug\vc120.pdb" /Gd /TP /analyze- /errorReport:prompt a3_p1.4.cpp
         a3_p1.4.cpp
     1>c:\users\brett\onedrive\documents\classes\sophomore\cpsc 122-02\assignment 3\a3_p4\a3_p1.4.cpp(2): error C4430: missing type specifier - int assumed. Note: C++ does not support default-int
     1>c:\users\brett\onedrive\documents\classes\sophomore\cpsc 122-02\assignment 3\a3_p4\a3_p1.4.cpp(2): error C2040: 'ptr' : 'int' differs in levels of indirection from 'int *'
     1>c:\users\brett\onedrive\documents\classes\sophomore\cpsc 122-02\assignment 3\a3_p4\a3_p1.4.cpp(2): error C2440: 'initializing' : cannot convert from 'int *' to 'int'
                 There is no context in which this conversion is possible
     1>c:\users\brett\onedrive\documents\classes\sophomore\cpsc 122-02\assignment 3\a3_p4\a3_p1.4.cpp(3): error C4430: missing type specifier - int assumed. Note: C++ does not support default-int
     1>c:\users\brett\onedrive\documents\classes\sophomore\cpsc 122-02\assignment 3\a3_p4\a3_p1.4.cpp(3): error C2040: 'ptr' : 'int' differs in levels of indirection from 'int *'
     1>c:\users\brett\onedrive\documents\classes\sophomore\cpsc 122-02\assignment 3\a3_p4\a3_p1.4.cpp(4): error C2143: syntax error : missing ';' before '<<'
     1>c:\users\brett\onedrive\documents\classes\sophomore\cpsc 122-02\assignment 3\a3_p4\a3_p1.4.cpp(4): error C4430: missing type specifier - int assumed. Note: C++ does not support default-int
     1>Done Building Project "C:\Users\Brett\OneDrive\Documents\Classes\Sophomore\CPSC 122-02\assignment 3\a3_p4\a3_p4.vcxproj" (Build target(s)) -- FAILED.

Build FAILED.

Time Elapsed 00:00:00.12
